<?xml version="1.0" encoding="UTF-8"?>
<!-- Generated by org.testng.reporters.JUnitReportReporter -->
<testsuite skipped="0" hostname="DESKTOP-6GLE7A2" name="com.crm.tasklib.LoginIntoApplication" tests="1" failures="0" timestamp="31 Aug 2019 07:00:51 GMT" time="7.947" errors="0">
  <testcase name="verifyloginapp" time="7.947" classname="com.crm.tasklib.LoginIntoApplication"/>
</testsuite> <!-- com.crm.tasklib.LoginIntoApplication -->
